[    0.000000] Initializing cgroup subsys cpuset
[    0.000000] Initializing cgroup subsys cpu
[    0.000000] Initializing cgroup subsys cpuacct
[    0.000000] Linux version 4.4.0-119-generic (buildd@lcy01-amd64-013) (gcc version 5.4.0 20160609 (Ubuntu 5.4.0-6ubuntu1~16.04.9) ) #143-Ubuntu SMP Mon Apr 2 16:08:24 UTC 2018 (Ubuntu 4.4.0-119.143-generic 4.4.114)
[    0.000000] Command line: BOOT_IMAGE=/boot/vmlinuz-4.4.0-119-generic root=LABEL=cloudimg-rootfs ro console=tty1 console=ttyS0
[    0.000000] KERNEL supported cpus:
[    0.000000]   Intel GenuineIntel
[    0.000000]   AMD AuthenticAMD
[    0.000000]   Centaur CentaurHauls
[    0.000000] x86/fpu: xstate_offset[2]:  576, xstate_sizes[2]:  256
[    0.000000] x86/fpu: Supporting XSAVE feature 0x01: 'x87 floating point registers'
[    0.000000] x86/fpu: Supporting XSAVE feature 0x02: 'SSE registers'
[    0.000000] x86/fpu: Supporting XSAVE feature 0x04: 'AVX registers'
[    0.000000] x86/fpu: Enabled xstate features 0x7, context size is 832 bytes, using 'standard' format.
[    0.000000] x86/fpu: Using 'lazy' FPU context switches.
[    0.000000] e820: BIOS-provided physical RAM map:
[    0.000000] BIOS-e820: [mem 0x0000000000000000-0x000000000009fbff] usable
[    0.000000] BIOS-e820: [mem 0x000000000009fc00-0x000000000009ffff] reserved
[    0.000000] BIOS-e820: [mem 0x00000000000f0000-0x00000000000fffff] reserved
[    0.000000] BIOS-e820: [mem 0x0000000000100000-0x000000007ffeffff] usable
[    0.000000] BIOS-e820: [mem 0x000000007fff0000-0x000000007fffffff] ACPI data
[    0.000000] BIOS-e820: [mem 0x00000000fec00000-0x00000000fec00fff] reserved
[    0.000000] BIOS-e820: [mem 0x00000000fee00000-0x00000000fee00fff] reserved
[    0.000000] BIOS-e820: [mem 0x00000000fffc0000-0x00000000ffffffff] reserved
[    0.000000] NX (Execute Disable) protection: active
[    0.000000] SMBIOS 2.5 present.
[    0.000000] Hypervisor detected: KVM
[    0.000000] e820: last_pfn = 0x7fff0 max_arch_pfn = 0x400000000
[    0.000000] MTRR: Disabled
[    0.000000] x86/PAT: MTRRs disabled, skipping PAT initialization too.
[    0.000000] CPU MTRRs all blank - virtualized system.
[    0.000000] x86/PAT: Configuration [0-7]: WB  WT  UC- UC  WB  WT  UC- UC  
[    0.000000] found SMP MP-table at [mem 0x0009fff0-0x0009ffff] mapped at [ffff88000009fff0]
[    0.000000] Scanning 1 areas for low memory corruption
[    0.000000] RAMDISK: [mem 0x36ae4000-0x37569fff]
[    0.000000] ACPI: Early table checksum verification disabled
[    0.000000] ACPI: RSDP 0x00000000000E0000 000024 (v02 VBOX  )
[    0.000000] ACPI: XSDT 0x000000007FFF0030 00003C (v01 VBOX   VBOXXSDT 00000001 ASL  00000061)
[    0.000000] ACPI: FACP 0x000000007FFF00F0 0000F4 (v04 VBOX   VBOXFACP 00000001 ASL  00000061)
[    0.000000] ACPI: DSDT 0x000000007FFF0470 0021FF (v02 VBOX   VBOXBIOS 00000002 INTL 20100528)
[    0.000000] ACPI: FACS 0x000000007FFF0200 000040
[    0.000000] ACPI: FACS 0x000000007FFF0200 000040
[    0.000000] ACPI: APIC 0x000000007FFF0240 00005C (v02 VBOX   VBOXAPIC 00000001 ASL  00000061)
[    0.000000] ACPI: SSDT 0x000000007FFF02A0 0001CC (v01 VBOX   VBOXCPUT 00000002 INTL 20100528)
[    0.000000] No NUMA configuration found
[    0.000000] Faking a node at [mem 0x0000000000000000-0x000000007ffeffff]
[    0.000000] NODE_DATA(0) allocated [mem 0x7ffeb000-0x7ffeffff]
[    0.000000] kvm-clock: Using msrs 4b564d01 and 4b564d00
[    0.000000] kvm-clock: cpu 0, msr 0:7ffe3001, primary cpu clock
[    0.000000] kvm-clock: using sched offset of 5505513288 cycles
[    0.000000] clocksource: kvm-clock: mask: 0xffffffffffffffff max_cycles: 0x1cd42e4dffb, max_idle_ns: 881590591483 ns
[    0.000000] Zone ranges:
[    0.000000]   DMA      [mem 0x0000000000001000-0x0000000000ffffff]
[    0.000000]   DMA32    [mem 0x0000000001000000-0x000000007ffeffff]
[    0.000000]   Normal   empty
[    0.000000]   Device   empty
[    0.000000] Movable zone start for each node
[    0.000000] Early memory node ranges
[    0.000000]   node   0: [mem 0x0000000000001000-0x000000000009efff]
[    0.000000]   node   0: [mem 0x0000000000100000-0x000000007ffeffff]
[    0.000000] Initmem setup node 0 [mem 0x0000000000001000-0x000000007ffeffff]
[    0.000000] ACPI: PM-Timer IO Port: 0x4008
[    0.000000] IOAPIC[0]: apic_id 2, version 32, address 0xfec00000, GSI 0-23
[    0.000000] ACPI: INT_SRC_OVR (bus 0 bus_irq 0 global_irq 2 dfl dfl)
[    0.000000] ACPI: INT_SRC_OVR (bus 0 bus_irq 9 global_irq 9 low level)
[    0.000000] Using ACPI (MADT) for SMP configuration information
[    0.000000] smpboot: Allowing 2 CPUs, 0 hotplug CPUs
[    0.000000] PM: Registered nosave memory: [mem 0x00000000-0x00000fff]
[    0.000000] PM: Registered nosave memory: [mem 0x0009f000-0x0009ffff]
[    0.000000] PM: Registered nosave memory: [mem 0x000a0000-0x000effff]
[    0.000000] PM: Registered nosave memory: [mem 0x000f0000-0x000fffff]
[    0.000000] e820: [mem 0x80000000-0xfebfffff] available for PCI devices
[    0.000000] Booting paravirtualized kernel on KVM
[    0.000000] clocksource: refined-jiffies: mask: 0xffffffff max_cycles: 0xffffffff, max_idle_ns: 7645519600211568 ns
[    0.000000] setup_percpu: NR_CPUS:512 nr_cpumask_bits:512 nr_cpu_ids:2 nr_node_ids:1
[    0.000000] PERCPU: Embedded 34 pages/cpu @ffff88007fc00000 s99544 r8192 d31528 u1048576
[    0.000000] PV qspinlock hash table entries: 256 (order: 0, 4096 bytes)
[    0.000000] Built 1 zonelists in Node order, mobility grouping on.  Total pages: 515960
[    0.000000] Policy zone: DMA32
[    0.000000] Kernel command line: BOOT_IMAGE=/boot/vmlinuz-4.4.0-119-generic root=LABEL=cloudimg-rootfs ro console=tty1 console=ttyS0
[    0.000000] PID hash table entries: 4096 (order: 3, 32768 bytes)
[    0.000000] Memory: 2033940K/2096696K available (8532K kernel code, 1313K rwdata, 3996K rodata, 1508K init, 1316K bss, 62756K reserved, 0K cma-reserved)
[    0.000000] SLUB: HWalign=64, Order=0-3, MinObjects=0, CPUs=2, Nodes=1
[    0.000000] Kernel/User page tables isolation: enabled
[    0.000000] Hierarchical RCU implementation.
[    0.000000] 	Build-time adjustment of leaf fanout to 64.
[    0.000000] 	RCU restricting CPUs from NR_CPUS=512 to nr_cpu_ids=2.
[    0.000000] RCU: Adjusting geometry for rcu_fanout_leaf=64, nr_cpu_ids=2
[    0.000000] NR_IRQS:33024 nr_irqs:440 16
[    0.000000] Console: colour VGA+ 80x25
[    0.000000] console [tty1] enabled
[    0.000000] console [ttyS0] enabled
[    0.000000] tsc: Detected 2711.996 MHz processor
[    1.347422] Calibrating delay loop (skipped) preset value.. 5423.99 BogoMIPS (lpj=10847984)
[    1.352559] pid_max: default: 32768 minimum: 301
[    1.355311] ACPI: Core revision 20150930
[    1.358587] ACPI: 2 ACPI AML tables successfully acquired and loaded
[    1.362712] Security Framework initialized
[    1.365185] Yama: becoming mindful.
[    1.367390] AppArmor: AppArmor initialized
[    1.372691] Dentry cache hash table entries: 262144 (order: 9, 2097152 bytes)
[    1.430554] Inode-cache hash table entries: 131072 (order: 8, 1048576 bytes)
[    1.469318] Mount-cache hash table entries: 4096 (order: 3, 32768 bytes)
[    1.481848] Mountpoint-cache hash table entries: 4096 (order: 3, 32768 bytes)
[    1.507869] Initializing cgroup subsys io
[    1.514409] Initializing cgroup subsys memory
[    1.518748] Initializing cgroup subsys devices
[    1.523105] Initializing cgroup subsys freezer
[    1.554739] Initializing cgroup subsys net_cls
[    1.565833] Initializing cgroup subsys perf_event
[    1.568581] Initializing cgroup subsys net_prio
[    1.571302] Initializing cgroup subsys hugetlb
[    1.573981] Initializing cgroup subsys pids
[    1.597691] CPU: Physical Processor ID: 0
[    1.631137] CPU: Processor Core ID: 0
[    1.639285] FEATURE SPEC_CTRL Not Present
[    1.655187] mce: CPU supports 0 MCE banks
[    1.663619] Last level iTLB entries: 4KB 64, 2MB 8, 4MB 8
[    1.676941] Last level dTLB entries: 4KB 64, 2MB 0, 4MB 0, 1GB 4
[    1.687579] Spectre V2 mitigation: Mitigation: Full generic retpoline
[    1.705754] Spectre V2 mitigation: Speculation control IBPB not-supported IBRS not-supported
[    1.733724] Spectre V2 mitigation: Filling RSB on context switch
[    1.745486] Freeing SMP alternatives memory: 32K
[    1.860393] ftrace: allocating 32195 entries in 126 pages
[    2.203658] smpboot: APIC(0) Converting physical 0 to logical package 0
[    2.208674] smpboot: Max logical packages: 1
[    2.213118] x2apic enabled
[    2.216300] Switched APIC routing to physical x2apic.
[    2.231502] ..TIMER: vector=0x30 apic1=0 pin1=2 apic2=-1 pin2=-1
[    2.344698] smpboot: CPU0: Intel(R) Core(TM) i5-7300U CPU @ 2.60GHz (family: 0x6, model: 0x8e, stepping: 0x9)
[    2.409710] Performance Events: unsupported p6 CPU model 142 no PMU driver, software events only.
[    2.421471] KVM setup paravirtual spinlock
[    2.427367] x86: Booting SMP configuration:
[    2.486689] .... node  #0, CPUs:      #1
[    2.524706] kvm-clock: cpu 1, msr 0:7ffe3041, secondary cpu clock
[    2.533351] mce: CPU supports 0 MCE banks
[    2.538306] x86: Booted up 1 node, 2 CPUs
[    2.563391] smpboot: Total of 2 processors activated (10847.98 BogoMIPS)
[    2.588579] devtmpfs: initialized
[    2.601061] evm: security.selinux
[    2.608197] evm: security.SMACK64
[    2.616953] evm: security.SMACK64EXEC
[    2.625729] evm: security.SMACK64TRANSMUTE
[    2.633330] evm: security.SMACK64MMAP
[    2.639058] evm: security.ima
[    2.647035] evm: security.capability
[    2.653288] clocksource: jiffies: mask: 0xffffffff max_cycles: 0xffffffff, max_idle_ns: 7645041785100000 ns
[    2.667357] futex hash table entries: 512 (order: 3, 32768 bytes)
[    2.676175] pinctrl core: initialized pinctrl subsystem
[    2.721878] RTC time: 11:02:17, date: 06/03/18
[    2.749871] NET: Registered protocol family 16
[    2.791422] cpuidle: using governor ladder
[    2.809941] cpuidle: using governor menu
[    2.817651] PCCT header not found.
[    2.832585] ACPI: bus type PCI registered
[    2.845067] acpiphp: ACPI Hot Plug PCI Controller Driver version: 0.5
[    2.855448] PCI: Using configuration type 1 for base access
[    2.872596] ACPI: Added _OSI(Module Device)
[    2.896370] ACPI: Added _OSI(Processor Device)
[    2.911068] ACPI: Added _OSI(3.0 _SCP Extensions)
[    2.936837] ACPI: Added _OSI(Processor Aggregator Device)
[    2.950380] ACPI: Executed 1 blocks of module-level executable AML code
[    2.973829] ACPI: Interpreter enabled
[    2.981664] ACPI: (supports S0 S5)
[    2.990057] ACPI: Using IOAPIC for interrupt routing
[    3.000386] PCI: Using host bridge windows from ACPI; if necessary, use "pci=nocrs" and report a bug
[    3.013993] ACPI: PCI Root Bridge [PCI0] (domain 0000 [bus 00-ff])
[    3.055227] acpi PNP0A03:00: _OSC: OS supports [ASPM ClockPM Segments MSI]
[    3.074000] acpi PNP0A03:00: _OSC: not requesting OS control; OS requires [ExtendedConfig ASPM ClockPM MSI]
[    3.099900] acpi PNP0A03:00: fail to add MMCONFIG information, can't access extended PCI configuration space under this bridge.
[    3.111924] PCI host bridge to bus 0000:00
[    3.157094] pci_bus 0000:00: root bus resource [io  0x0000-0x0cf7 window]
[    3.206238] pci_bus 0000:00: root bus resource [io  0x0d00-0xffff window]
[    3.232432] pci_bus 0000:00: root bus resource [mem 0x000a0000-0x000bffff window]
[    3.243608] pci_bus 0000:00: root bus resource [mem 0x80000000-0xfdffffff window]
[    3.250007] pci_bus 0000:00: root bus resource [bus 00-ff]
[    3.262035] pci 0000:00:01.1: legacy IDE quirk: reg 0x10: [io  0x01f0-0x01f7]
[    3.274304] pci 0000:00:01.1: legacy IDE quirk: reg 0x14: [io  0x03f6]
[    3.319040] pci 0000:00:01.1: legacy IDE quirk: reg 0x18: [io  0x0170-0x0177]
[    3.328013] pci 0000:00:01.1: legacy IDE quirk: reg 0x1c: [io  0x0376]
[    3.393212] pci 0000:00:07.0: quirk: [io  0x4000-0x403f] claimed by PIIX4 ACPI
[    3.403529] pci 0000:00:07.0: quirk: [io  0x4100-0x410f] claimed by PIIX4 SMB
[    3.445743] ACPI: PCI Interrupt Link [LNKA] (IRQs 5 9 10 *11)
[    3.480250] ACPI: PCI Interrupt Link [LNKB] (IRQs 5 9 *10 11)
[    3.493044] ACPI: PCI Interrupt Link [LNKC] (IRQs 5 *9 10 11)
[    3.506673] ACPI: PCI Interrupt Link [LNKD] (IRQs 5 9 10 *11)
[    3.519433] ACPI: Enabled 2 GPEs in block 00 to 07
[    3.529113] vgaarb: setting as boot device: PCI:0000:00:02.0
[    3.537252] vgaarb: device added: PCI:0000:00:02.0,decodes=io+mem,owns=io+mem,locks=none
[    3.548748] vgaarb: loaded
[    3.550615] vgaarb: bridge control possible 0000:00:02.0
[    3.553884] SCSI subsystem initialized
[    3.556403] ACPI: bus type USB registered
[    3.558907] usbcore: registered new interface driver usbfs
[    3.562403] usbcore: registered new interface driver hub
[    3.565494] usbcore: registered new device driver usb
[    3.568764] PCI: Using ACPI for IRQ routing
[    3.572057] NetLabel: Initializing
[    3.574302] NetLabel:  domain hash size = 128
[    3.576870] NetLabel:  protocols = UNLABELED CIPSOv4
[    3.579824] NetLabel:  unlabeled traffic allowed by default
[    3.583453] amd_nb: Cannot enumerate AMD northbridges
[    3.586727] clocksource: Switched to clocksource kvm-clock
[    3.607722] AppArmor: AppArmor Filesystem Enabled
[    3.613222] pnp: PnP ACPI init
[    3.616856] pnp: PnP ACPI: found 3 devces

[   3.6178] clocksorce: acpi_pm: mask: 0ffffff max_cycles: 0xffffff, max_idle_ns: 2085701024 ns
[    4.369399] NET: Registered protocol family 2

[    4.373222] TCP established hash table entries: 16384 (order: 5, 131072 bytes)
[    4.379236] TCP bind hash table entries: 16384 (order: 6, 262144 btes)
[   .69569] TCP Hshtalesconfigued(established 16384 bind 1384)
[    5.826277] UDP hash table entries: 1024 (order: 3, 32768 bytes)
[    5.832071] UDP-Lite hash table entries: 1024 (order: 3, 32768 bytes)
[    5.835951] NET: Registered protocol family 1
[    5.838686] pci 0000:00:00.0: Limiting direct PCI/PCI transfers
[    5.842494] pci 0000:00:01.0: Activating ISA DMA hang workarounds
[    5.846663] Unpacking initramfs...

[    9.691472] Freeing initrd memory: 10776K
[    9.696354] platform rtc_cmos: registered platform RTC device (no PNP device found)
[   9.702745] Scanning for low memory corruption every 60 seconds

[    9.783643] audit: initializing netlink subsys (disabled)
[    9.796646] audit: type=2000 audit(1528023748.366:1): initialized
[    9.810980] Initialise system trusted keyring
[    9.829147] HugeTLB registered 2 MB page size, pre-allocated 0 pages
[    9.883499] zbud: loaded
[    9.92718] VFS Disk quotas dquot_6.6.0
[   10.130573] VFS: Dquot-cache hash table entries: 512 (order 0, 4096 bytes)
[   10.136066] squashfs: version 4.0 (2009/01/31) Phili Lougher

[   10.349626] fuse init (API version 7.23)
[   10.358904] Key type big_key registered
[   10.367057] Allocating IMA MOK and blacklist keyrings.
[   10.384730] Key type asymmetric registered
[   10.393593] Asymmetric key parser 'x509' registered
[   10.402644] Block layer SCSI generic (bsg) driver version 0.4 loaded (major 249)
[   10.418080] io scheduler noop registered
[   10.425644] io scheduler deadline registered (default)
[   10.435961] io scheduler cfq registered
[   10.443904] pci_hotplug: PCI Hot Plug PCI Core version: 0.5
[   10.454279] pciehp: PCI Express Hot Plug Controller Driver version: 0.4
[   10.464731] ACPI: AC Adapter [AC] (off-line)
[   10.471442] input: Power Button as /devices/LNXSYSTM:00/LNXPWRBN:00/input/input0
[   10.482598] ACPI: Power Button [PWRF]
[   10.488936] input: Sleep Button as /devices/LNXSYSTM:00/LNXSLPBN:00/input/input1
[   10.500212] ACPI: Sleep Button [SLPF]
[   10.506958] GHES: HEST is not enabled!
[   10.511058] ACPI: Battery Slot [BAT0] (battery present)
[   105661] Serial: 8250/16550 driver, 32 ports, IRQ sharing enabled

[   10.879882] tsc: Refined TSC clocksource calibration: 2712.626 MHz
[   10.886464] clocksource: tsc: mask: 0xffffffffffffffff max_cycles: 0x719d60a916, max_idle_ns: 440795304569 ns

[   11.034017] 00:02: ttyS0 at I/O 0x3f8 (irq = 4, base_baud = 115200) is a 16550A
[   11.045311] Linux agpgart interface v0.103
[   11.084834] loop: module loaded
[   11.095367] scsi host0: ata_piix
[   11.109230] scsi host1: ata_piix
[   11.122764] ata1: PATA max UDMA/33 cmd 0x1f0 ctl 0x3f6 bmdma 0xd000 irq 14
[   11.130273] ata2: PATA max UDMA/33 cmd 0x170 ctl 0x376 bmdma 0xd008 irq 15
[   11.134107] libphy: Fixed MDIO Bus: probed
[   11.148037] tun: Universal TUN/TAP device driver, 1.6
[   11.187749] tun: (C) 1999-2004 Max Krasnyansky <maxk@qualcomm.com>
[   11.198214] PPP generic driver version 2.4.2
[   11.205137] ehci_hcd: USB 2.0 'Enhanced' Host Controller (EHCI) Driver
[   11.212266] ehci-pci: EHCI PCI platform driver
[   11.214924] ehci-platform: EHCI generic platform driver
[   11.217917] ohci_hcd: USB 1.1 'Open' Host Controller (OHCI) Driver
[   11.221300] ohci-pci: OHCI PCI platform driver
[   11.223998] ohci-platform: OHCI generic platform driver
[   11.227009] uhci_hcd: USB Universal Host Controller Interface driver
[   11.230554] i8042: PNP: PS/2 Controller [PNP0303:PS2K,PNP0f03:PS2M] at 0x60,0x64 irq 1,12
[   11.236226] serio: i8042 KBD port at 0x60,0x64 irq 1
[   11.239077] serio: i8042 AUX port at 0x60,0x64 irq 12
[   11.242122] mousedev: PS/2 mouse device common for all mice
[   11.246237] rtc_cmos rtc_cmos: rtc core: registered rtc_cmos as rtc0
[   11.249898] rtc_cmos rtc_cmos: alarms up to one day, 114 bytes nvram
[   11.253487] input: AT Translated Set 2 keyboard as /devices/platform/i8042/serio0/input/input2
[   1.258522] i2c /dev entries driver

[   11.370161] device-mapper: uevent: verion 1.0.3
[   11.489020] device-mapper: ioctl: 4.34.0-ioctl (2015-10-28) initialised: dm-devel@redhat.com
[   11.522523] ledtrig-cpu: registered to indicate activity on CPUs
[   11.542419] NET: Registered protocol family 10
[   11.551486] NET: Registered protocol family 17
[   11.558202] Key type dns_resolver registered
[   11.570234] registered taskstats version 1
[   11.585640] Loading compiled-in X.509 certificates
[   11.608626] Loaded X.509 cert 'Build time autogenerated kernel key: f854e06633b5f496ced5b2e02c7b14f761b69302'
[   11.645297] zswap: loaded using pool lzo/zbud
[   11.659778] Key type trusted registered
[   11.686346] Key type encrypted registered
[   11.694250] AppArmor: AppArmor sha1 policy hashing enabled
[   11.709168] ima: No TPM chip found, activating TPM-bypass!
[   11.723640] evm: HMAC attrs: 0x1
[   11.734298]   Magic number: 6:351:23
[   11.741779] rtc_cmos rtc_cmos: setting system clock to 2018-06-03 11:02:26 UTC (1528023746)
[   11.764997] BIOS EDD facility v0.16 2004-Jun-25, 0 devices found
[   11.773536] EDD information not available.
[   11.780150] Freeing unused kernel memory: 1508K
[   11.825844] Write protecting the kernel read-only data: 14336k
[   11.853831] Freeing unused kernel memory: 1696K
[   11.866230] Freeing unused kernel memory: 100K
Loading, please wait...
starting version[   11.895662] random: systemd-udevd: uninitialized urandom read (16 bytes read, 5 bits of entropy available)
 229
[   11.906113] random: udevadm: uninitialized urandom read (16 bytes read, 5 bits of entropy available)
[   11.906153] random: udevadm: uninitialized urandom read (16 bytes read, 5 bits of entropy available)
[   11.923412] random: udevadm: uninitialized urandom read (16 bytes read, 5 bits of entropy available)
[   11.923495] random: udevadm: uninitialized urandom read (16 bytes read, 5 bits of entropy available)
[   11.923758] random: udevadm: uninitialized urandom read (16 bytes read, 5 bits of entropy available)
[   11.923853] random: udevadm: uninitialized urandom read (16 bytes read, 5 bits of entropy available)
[   11.923952] random: udevadm: uninitialized urandom read (16 bytes read, 5 bits of entropy available)
[   11.924045] random: udevadm: uninitialized urandom read (16 bytes read, 5 bits of entropy available)
[   11.924135] random: udevadm: uninitialized urandom read (16 bytes read, 5 bits of entropy available)
[   12.132986] e1000: Intel(R) PRO/1000 Network Driver - version 7.3.21-k8-NAPI
[   12.140522] e1000: Copyright (c) 1999-2006 Intel Corporation.
[   12.187532] Fusion MPT base driver 3.04.20
[   12.193076] Copyright (c) 1999-2008 LSI Corporation
[   12.219220] AVX2 version of gcm_enc/dec engaged.
[   12.224871] AES CTR mode by8 optimization enabled
[   12.240479] Fusion MPT SPI Host driver 3.04.20
[   12.381195] input: ImExPS/2 Generic Explorer Mouse as /devices/platform/i8042/serio1/input/input4
[   13.118448] e1000 0000:00:03.0 eth0: (PCI:33MHz:32-bit) 02:62:8c:65:d6:7a
[   13.132361] e1000 0000:00:03.0 eth0: Intel(R) PRO/1000 Network Connection
[   14.067052] e1000 0000:00:08.0 eth1: (PCI:33MHz:32-bit) 08:00:27:ba:f6:a9
[   14.074331] e1000 0000:00:08.0 eth1: Intel(R) PRO/1000 Network Connection
[   14.096609] e1000 0000:00:03.0 enp0s3: renamed from eth0
[   14.108115] mptbase: ioc0: Initiating bringup
[   14.127031] e1000 0000:00:08.0 enp0s8: renamed from eth1
[   14.193389] ioc0: LSI53C1030 A0: Capabilities={Initiator}
[   14.974594] scsi host2: ioc0: LSI53C1030 A0, FwRev=00000000h, Ports=1, MaxQ=256, IRQ=20
[   15.135990] scsi 2:0:0:0: Direct-Access     VBOX     HARDDISK         1.0  PQ: 0 ANSI: 5
[   15.145755] floppy0: no floppy controllers found
[   15.149736] scsi target2:0:0: Beginning Domain Validation
[   15.157235] scsi target2:0:0: Domain Validation skipping write tests
[   15.162192] scsi target2:0:0: Ending Domain Validation
[   15.195650] scsi target2:0:0: asynchronous
[   15.200995] scsi 2:0:1:0: Direct-Access     VBOX     HARDDISK         1.0  PQ: 0 ANSI: 5
[   15.209913] scsi target2:0:1: Beginning Domain Validation
[   15.218042] scsi target2:0:1: Domain Validation skipping write tests
[   15.228135] scsi target2:0:1: Ending Domain Validation
[   15.232727] scsi target2:0:1: asynchronous
[   15.255083] sd 2:0:0:0: Attached scsi generic sg0 type 0
[   15.260083] sd 2:0:0:0: [sda] 20971520 512-byte logical blocks: (10.7 GB/10.0 GiB)
[   15.267816] sd 2:0:0:0: [sda] Write Protect is off
[   15.268167] sd 2:0:1:0: [sdb] 20480 512-byte logical blocks: (10.5 MB/10.0 MiB)
[   15.268570] sd 2:0:1:0: [sdb] Write Protect is off
[   15.268794] sd 2:0:1:0: [sdb] Incomplete mode parameter data
[   15.268796] sd 2:0:1:0: [sdb] Assuming drive cache: write through
[   15.279289] sd 2:0:1:0: Attached scsi generic sg1 type 0
[   15.282815] sd 2:0:1:0: [sdb] Attached SCSI disk
[   15.373046] sd 2:0:0:0: [sda] Incomplete mode parameter data
[   15.392337] sd 2:0:0:0: [sda] Assuming drive cache: write through
[   15.405692]  sda: sda1
[   15.410774] sd 2:0:0:0: [sda] Attached SCSI disk
Begin: Loading essential drivers ... [   17.980727] md: linear personality registered for level -1
[   18.010385] md: multipath personality registered for level -4
[   18.050711] md: raid0 personality registered for level 0
[   18.069236] md: raid1 personality registered for level 1
[   18.162881] raid6: sse2x1   gen()  4288 MB/s
[   18.266866] raid6: sse2x1   xor()  3244 MB/s
[   18.370848] raid6: sse2x2   gen()  5990 MB/s
[   18.443496] raid6: sse2x2   xor()  3710 MB/s
[   18.519015] raid6: sse2x4   gen() 10491 MB/s
[   18.586814] raid6: sse2x4   xor()  6811 MB/s
[   18.690972] raid6: avx2x1   gen()  8466 MB/s
[   18.790904] raid6: avx2x2   gen()  9433 MB/s
[   18.894957] raid6: avx2x4   gen() 10069 MB/s
[   18.901900] raid6: using algorithm sse2x4 gen() 10491 MB/s
[   18.918919] raid6: .... xor() 6811 MB/s, rmw enabled
[   18.934973] raid6: using avx2x2 recovery algorithm
[   18.949198] xor: automatically using best checksumming function:
[   19.011290]    avx       :  7177.000 MB/sec
[   19.035580] async_tx: api initialized (async)
[   19.063307] md: raid6 personality registered for level 6
[   19.095757] md: raid5 personality registered for level 5
[   19.116702] md: raid4 personality registered for level 4
[   19.143325] md: raid10 personality registered for level 10
done.
Begin: Running /scripts/init-premount ... done.
Begin: Mounting root file sys[   19.239747] Btrfs loaded
tem ... Begin: Running /scripts/local-top ... done.
Begin: Running /scripts/local-premount ... Scanning for Btrfs filesystems
done.
Warning: fsck no[   19.325501] EXT4-fs (sda1): INFO: recovery required on readonly filesystem
t present, so sk[   19.392574] EXT4-fs (sda1): write access will be enabled during recovery
ipping root file system
[   19.529429] EXT4-fs (sda1): recovery complete
[   19.609425] EXT4-fs (sda1): mounted filesystem with ordered data mode. Opts: (null)
done.
Begin: Running /scripts/local-bottom ... done.
Begin: Running /scripts/init-bottom ... done.
[   20.795844] systemd[1]: systemd 229 running in system mode. (+PAM +AUDIT +SELINUX +IMA +APPARMOR +SMACK +SYSVINIT +UTMP +LIBCRYPTSETUP +GCRYPT +GNUTLS +ACL +XZ -LZ4 +SECCOMP +BLKID +ELFUTILS +KMOD -IDN)
[   20.828813] systemd[1]: Detected virtualization oracle.
[   20.845303] systemd[1]: Detected architecture x86-64.

Welcome to [1mUbuntu 16.04.4 LTS[0m!

[   20.889807] systemd[1]: Set hostname to <ubuntu-xenial>.
[   21.067143] random: nonblocking pool is initialized
[  2.229725] systemd[1]: Created slice User and Sessin Slice.

[[0;32m  OK  [0m] Created slice User and Session Slice.
[   21.735016] systemd[1]: Listening on Device-mapper event daemon FIFOs.
[[0;32m  OK  [0m] Listening on Device-mapper event daemon FIFOs.
[   21.748918] systemd[1]: Listening on Journal Socket (/dev/log).
[[0;32m  OK  [0m] Listening on Journal Socket (/dev/log).
[   21.759729] systemd[1]: Listening on Journal Socket.
[[0;32m  OK  [0m] Listening on Journal Socket.
[   22.014825] systemd[1]: Listening on LVM2 poll daemon socket.
[[0;32m  OK  [0m] Listening on LVM2 poll daemon socket.
[   22.110829] systemd[1]: Created slice System Slice.
[[0;32m  OK  [0m] Created slice System Slice.
[   22.504465] systemd[1]: Mounting Debug File System...
         Mounting Debug File System...
[   22.538994] systemd[1]: Starting Nameserver information manager...
         Starting Nameserver information manager...
[   22.591442] systemd[1]: Starting Remount Root and Kernel File Systems...
[   22.605903] EXT4-fs (sda1): re-mounted. Opts: (null)
         Starting Remount Root and Kernel File Systems...
[   22.656765] systemd[1]: Starting Create list of required static device nodes for the current kernel...
         Starting Create list of required st... nodes for the current kernel...
[   22.704568] systemd[1]: Reached target Encrypted Volumes.
[[0;32m  OK  [0m] Reached target Encrypted Volumes.
[   22.754588] systemd[1]: Started Trigger resolvconf update for networkd DNS.
[[0;32m  OK  [0m] Started Trigger resolvconf update for networkd DNS.
[   22.778541] systemd[1]: Listening on Syslog Socket.
[[0;32m  OK  [0m] Listening on Syslog Socket.
[   22.815543] systemd[1]: Starting Set console keymap...
         Starting Set console keymap...
[   22.833989] systemd[1]: Starting Load Kernel Modules...
         Starting Load Kernel Modules...
[   22.851468] Loading iSCSI transport class v2.0-870.
[   22.851501] systemd[1]: Set up automount Arbitrary Executable File Formats File System Automount Point.
[[0;32m  OK  [0m] Set up automount Arbitrary Executab...ats File System Automount Point.
[   22.885762] iscsi: registered transport (tcp)
[   22.891542] systemd[1]: Listening on Journal Audit Socket.
[[0;32m  OK  [0m] Listening on Journal Audit Socket.
[   22.964879] systemd[1]: Starting Journal Service...
         Starting Journal Service...
[   22.989090] systemd[1]: Listening on /dev/initctl Compatibility Named Pipe.
[[0;32m  OK  [0m] [   23.013322] iscsi: registered transport (iser)
Listening on /dev/initctl Compatibility Named Pipe.
[   23.047147] systemd[1]: Mounting Huge Pages File System...
         Mounting Huge Pages File System...
[   23.087810] systemd[1]: Reached target User and Group Name Lookups.
[[0;32m  OK  [0m] Reached target User and Group Name Lookups.
[   23.123028] systemd[1]: Listening on LVM2 metadata daemon socket.
[[0;32m  OK  [0m] Listening on LVM2 metadata daemon socket.
[   23.172793] systemd[1]: Starting Monitoring of LVM2 mirrors, snapshots etc. using dmeventd or progress polling...
         Starting Monitoring of LVM2 mirrors... dmeventd or progress polling...
[  23.244599] systemd[1]: Started Forward Password Requests to Wall Directory atch.
[[0;32m  OK  [0m] Started Forward Password Requests to Wall Directory Watch.
[   23.846589] systemd[1]: Created slice system-serial\x2dgetty.slice.
[[0;32m  OK  [0m] Created slice system-serial\x2dgetty.slice.
[   23.890397] systemd[1]: Listening on udev Control Socket.
[[0;32m  OK  [0m] Listening on udev Control Socket.
[   23.902638] systemd[1]: Created slice system-postgresql.slice.
[[0;32m  OK  [0m] Created slice system-postgresql.slice.
[   23.931240] systemd[1]: Mounting POSIX Message Queue File System...
         Mounting POSIX Message Queue File System...
[   23.948738] systemd[1]: Reached target System Time Synchronized.
[[0;32m  OK  [0m] Reached target System Time Synchronized.
[   24.012131] systemd[1]: Reached target Slices.
[[0;32m  OK  [0m] Reached target Slices.
[   24.055860] systemd[1]: Starting Uncomplicated firewall...
         Starting Uncomplicated firewall...
[   24.084271] systemd[1]: Listening on udev Kernel Socket.
[[0;32m  OK  [0m] Listening on udev Kernel Socket.
[   24.157593] systemd[1]: Mounted POSIX Message Queue File System.
[[0;32m  OK  [0m] Mounted POSIX Message Queue File System.
[   24.192291] systemd[1]: Mounted Huge Pages File System.
[[0;32m  OK  [0m] Mounted Huge Pages File System.
[   24.256377] systemd[1]: Mounted Debug File System.
[[0;32m  OK  [0m] Mounted Debug File System.
[   24.312425] systemd[1]: Started Journal Service.
[[0;32m  OK  [0m] Started Journal Service.
[[0;32m  OK  [0m] Started Remount Root and Kernel File Systems.
[[0;32m  OK  [0m] Started Create list of required sta...ce nodes for the current kernel.
[[0;32m  OK  [0m] Started Set console keymap.
[[0;32m  OK  [0m] Started Load Kernel Modules.
[[0;32m  OK  [0m] Started Uncomplicated firewall.
[[0;32m  OK  [0m] Started Nameserver information manager.
[[0;32m  OK  [0m] Started LVM2 metadata daemon.
         Mounting FUSE Control File System...
         Starting Apply Kernel Variables...
         Starting Create Static Device Nodes in /dev...
         Starting Initial cloud-init job (pre-networking)...
         Starting udev Coldplug all Devices...
         Starting Load/Save Random Seed...
         Activating swap /swapfile...
         Starting Flush Journal to Persistent Storage...
[[0;32m  OK  [0m] Mounted FUSE Control File System.
[[0;32m  OK  [0m] Started Apply Kernel Variables.
[[0;32m  OK  [0m] Started Create Static Device Nodes in /dev.
[[0;32m  OK  [0m] Started Load/Save Random Seed.
[[0;32m  OK  [0m] Activated swap /swapfile.
[[0;32m  OK  [0m] Started udev Coldplug all Devices.
[[0;32m  OK  [0m] Started Flush Journal to Persistent Storage.
[[0;32m  OK  [0m] Reached target Swap.
         Starting udev Kernel Device Manager...
[[0;32m  OK  [0m] Started Monitoring of LVM2 mirrors,...ng dmeventd or progress polling.
[[0;32m  OK  [0m] Started udev Kernel Device Manager.
[[0;32m  OK  [0m] Reached target Local File Systems (Pre).
[[0;32m  OK  [0m] Reached target Local File Systems.
         Starting LSB: AppArmor initialization...
         Starting Tell Plymouth To Write Out Runtime Data...
         Starting Set console font and keymap...
         Starting Create Volatile Files and Directories...
[[0;32m  OK  [0m] Started Dispatch Password Requests to Console Directory Watch.
[[0;32m  OK  [0m] Started Tell Plymouth To Write Out Runtime Data.
[[0;32m  OK  [0m] Started Create Volatile Files and Directories.
         Starting Update UTMP about System Boot/Shutdown...
[[0;32m  OK  [0m] Started Update UTMP about System Boot/Shutdown.
[[0;32m  OK  [0m] Started LSB: AppArmor initialization.
[[0;32m  OK  [0m] Found device /dev/ttyS0.
[[0;32m  OK  [0m] Listening on Load/Save RF Kill Switch Status /dev/rfkill Watch.
[[0;32m  OK  [0m] Found device 82540EM Gigabit Ethern...r (PRO/1000 MT Desktop Adapter).
[   24.503514] cloud-init[465]: Cloud-init v. 18.2 running 'init-local' at Sun, 03 Jun 2018 11:02:41 +0000. Up 23.83 seconds.
[[0;32m  OK  [0m] Started Initial cloud-init job (pre-networking).
[[0;32m  OK  [0m] Found device 82540EM Gigabit Ethern...r (PRO/1000 MT Desktop Adapter).
[[0;32m  OK  [0m] Reached target Network (Pre).
[[0;32m  OK  [0m] Started ifup for enp0s3.
[[0;32m  OK  [0m] Started ifup for enp0s8.
         Starting Raise network interfaces...
[[0;32m  OK  [0m] Started Set console font and keymap.
[[0;32m  OK  [0m] Created slice system-getty.slice.
[[0;32m  OK  [0m] Started Raise network interfaces.
[[0;32m  OK  [0m] Reached target Network.
         Starting Initial cloud-init job (metadata service crawler)...
[   28.755023] cloud-init[1087]: Cloud-init v. 18.2 running 'init' at Sun, 03 Jun 2018 11:02:45 +0000. Up 28.10 seconds.
[   28.865411] cloud-init[1087]: ci-info: ++++++++++++++++++++++++++++++++++++++Net device info++++++++++++++++++++++++++++++++++++++
[[0;32m  OK  [0m] Started Initial cloud-init job (metadata service crawler).
[[0;32m  OK  [0m] Reached target Cloud-config availability.
[   28.910192] [[0;32m  OK  [0m] Reached target System Initialization.
         Starting LXD - unix socket.
cloud-init[1087]: ci-info: +--------+------+-----------------------------+---------------+-------+-------------------+
[   29.032956] [[0;32m  OK  [0m] Started Timer to automatically refresh installed snaps.
[[0;32m  OK  [0m] Listening on D-Bus System Message Bus Socket.
cloud-init[1087]: [[0;32m  OK  [0m] Started ACPI Events Check.
[[0;32m  OK  [0m] Reached target Paths.
         Starting Socket activation for snappy daemon.
[[0;32m  OK  [0m] Started Daily Cleanup of Temporary Directories.
[[0;32m  OK  [0m] Listening on ACPID Listen Socket.
[[0;32m  OK  [0m] Listening on UUID daemon activation socket.
[[0;32m  OK  [0m] Started Daily apt download activities.
[[0;32m  OK  [0m] Started Daily apt upgrade and clean activities.
[[0;32m  OK  [0m] Reached target Timers.
[[0;32m  OK  [0m] Reached target Network is Online.
ci-info: | Device |  Up  |           Address           |      Mask     | Scope |     Hw-Address    |
[   29.162195]          Starting iSCSI initiator daemon (iscsid)...
[[0;32m  OK  [0m] Listening on LXD - unix socket.
[[0;32m  OK  [0m] Listening on Socket activation for snappy daemon.
cloud-init[1087]: ci-info: +--------+------+-----------------------------+---------------+-------+-------------------+
[[0;32m  OK  [0m] Started iSCSI initiator daemon (iscsid).
[   29.275224] cloud-init[1087]: ci-info: | enp0s3 | True |          10.0.2.15          | 255.255.255.0 |   .   | 02:62:8c:65:d6:7a |
         Starting Login to default iSCSI targets...
[   29.326203] cloud-init[1087]: ci-info: | enp0s3 | True |  fe80::62:8cff:fe65:d67a/64 |       .       |  link | 02:62:8c:65:d6:7a |
[[0;32m  OK  [0m] Reached target Sockets.
[   29.361822] [[0;32m  OK  [0m] Reached target Basic System.
         Starting PostgreSQL Cluster 10-main...
         Starting System Logging Service...
[[0;32m  OK  [0m] Started Deferred execution scheduler.
         Starting Virtualbox guest utils...
cloud-init[1087]: ci-info: | enp0s8 | True |        192.168.33.52        | 255.255.255.0 |   .   | 08:00:27:ba:f6:a9 |         Starting OpenBSD Secure Shell server...
         Starting LSB: Record successful boot for GRUB...
         Starting Apply the settings specified in cloud-config...
[[0;32m  OK  [0m] Started FUSE filesystem for LXC.
[[0;32m  OK  [0m] Started D-Bus System Message Bus.

[   29.444916] cloud-init[1087]: ci-info: | enp0s8 | True | fe80::a00:27ff:feba:f6a9/64 |       .       |  link | 08:00:27:ba:f6:a9 |
[   29.456176] cloud-init[1087]: ci-info: |   lo   | True |          127.0.0.1          |   255.0.0.0   |   .   |         .         |
[   29.500845] cloud-init[1087]: ci-info: |   lo   | True |           ::1/128           |       .       |  host |         .         |
[   29.518012] cloud-init[1087]: ci-info: +--------+------+-----------------------------+---------------+-------+-------------------+
[   29.534059] cloud-init[1087]: ci-info: ++++++++++++++++++++++++++++Route IPv4 info++++++++++++++++++++++++++++
[[0;32m  OK  [0m] Started ACPI event daemon.[   29.565252] cloud-init[1087]: ci-info: +-------+--------------+----------+---------------+-----------+-------+
         Starting /etc/rc.local Compatibility...

[[0;32m  OK  [0m] Started Regular background program processing daemon.
[   29.601128] cloud-init[1087]: ci-info: | Route | Destination  | Gateway  |    Genmask    | Interface | Flags |
[   29.614582] cloud-init[1087]: ci-info: +-------+--------------+----------+---------------+-----------+-------+
         Starting LXD - container startup/shutdown...
         Starting LSB: MD monitoring daemon...
[   29.623413] cloud-init[1087]: ci-info: |   0   |   0.0.0.0    | 10.0.2.2 |    0.0.0.0    |   enp0s3  |   UG  |
         Starting Accounts Service...
[   29.664318] cloud-init[1087]: ci-info: |   1   |   10.0.2.0   | 0.0.0.0  | 255.255.255.0 |   enp0s3  |   U   |
[   29.677769] cloud-init[1087]: ci-info: |   2   | 192.168.33.0 | 0.0.0.0  | 255.255.255.0 |   enp0s8  |   U   |
         Starting Snappy daemon...
         Starting Login Service...
[[0;32m  OK  [0m] Started Unattended Upgrades Shutdown.
[[0;32m  OK  [0m] Started System Logging Service.
[[0;32m  OK  [0m] Started OpenBSD Secure Shell server.
[[0;32m  OK  [0m] Started /etc/rc.local Compatibility.
[   29.701272] cloud-init[1087]: ci-info: +-------+--------------+----------+---------------+-----------+-------+
[[0;32m  OK  [0m] Started Login to default iSCSI targets.
[[0;32m  OK  [0m] Started LXD - container startup/shutdown.
[[0;32m  OK  [0m] Started LSB: Record successful boot for GRUB.
[[0;32m  OK  [0m] Started LSB: MD monitoring daemon.
[[0;32m  OK  [0m] Started Login Service.
[[0;32m  OK  [0m] Started Snappy daemon.
         Starting Authenticate and Authorize Users to Run Privileged Tasks...
[[0;32m  OK  [0m] Reached target Remote File Systems (Pre).
[[0;32m  OK  [0m] Reached target Remote File Systems.
         Starting LSB: Start/stop sysstat's sadc...
         Starting Permit User Sessions...
         Starting LSB: Set the CPU Frequency Scaling governor to "ondemand"...
         Starting LSB: daemon to balance interrupts for SMP systems...
         Starting LSB: powerful, efficient, ...scalable Mail Transport Agent...
         Starting LSB: automatic crash report generation...
[[0;32m  OK  [0m] Started Virtualbox guest utils.
[[0;32m  OK  [0m] Started Permit User Sessions.
[[0;32m  OK  [0m] Started Authenticate and Authorize Users to Run Privileged Tasks.
         Starting Hold until boot process finishes up...
         Starting Terminate Plymouth Boot Screen...
[[0;32m  OK  [0m] Started LSB: Start/stop sysstat's sadc.
[[0;32m  OK  [0m] Started LSB: Set the CPU Frequency Scaling governor to "ondemand".
[[0;32m  OK  [0m] Started LSB: automatic crash report generation.
[[0;32m  OK  [0m] Started Hold until boot process finishes up.
[[0;32m  OK  [0m] Started Terminate Plymouth Boot Screen.
[[0;32m  OK  [0m] Started Accounts Service.
[[0;32m  OK  [0m] Created slice User Slice of vagrant.
[[0;32m  OK  [0m] Started Session 1 of user vagrant.
         Starting User Manager for UID 1000...
         Starting Set console scheme...
[[0;32m  OK  [0m] Started Getty on tty1.
[[0;32m  OK  [0m] Started Serial Getty on ttyS0.
[[0;32m  OK  [0m] Reached target Login Prompts.
[[0;32m  OK  [0m] Started User Manager for UID 1000.
[[0;32m  OK  [0m] Started LSB: daemon to balance interrupts for SMP systems.
[[0;32m  OK  [0m] Started Set console scheme.
[   31.032974] cloud-init[1160]: Cloud-init v. 18.2 running 'modules:config' at Sun, 03 Jun 2018 11:02:48 +0000. Up 30.72 seconds.
[[0;32m  OK  [0m] Started Apply the settings specified in cloud-config.
[[0;32m  OK  [0m] Started PostgreSQL Cluster 10-main.
         Starting PostgreSQL RDBMS...
[[0;32m  OK  [0m] Started PostgreSQL RDBMS.

Ubuntu 16.04.4 LTS ubuntu-xenial ttyS0

ubuntu-xenial login: [   94.498655] cloud-init[1918]: Cloud-init v. 18.2 running 'modules:final' at Sun, 03 Jun 2018 11:03:51 +0000. Up 93.92 seconds.
[   94.499086] cloud-init[1918]: Cloud-init v. 18.2 finished at Sun, 03 Jun 2018 11:03:51 +0000. Datasource DataSourceNoCloud [seed=/dev/sdb][dsmode=net].  Up 94.41 seconds
